[27-Apr-2025 07:21:16 UTC] PHP Parse error:  syntax error, unexpected token "}", expecting "," or ";" in C:\Users\Maliha\Local Sites\fictional-university\app\public\wp-content\themes\Fictional-University-theme\index.php on line 4
[27-Apr-2025 07:21:38 UTC] PHP Parse error:  syntax error, unexpected token "}", expecting "," or ";" in C:\Users\Maliha\Local Sites\fictional-university\app\public\wp-content\themes\Fictional-University-theme\index.php on line 4
[27-Apr-2025 09:19:27 UTC] PHP Parse error:  syntax error, unexpected variable "$count" in C:\Users\Maliha\Local Sites\fictional-university\app\public\wp-content\themes\Fictional-University-theme\index.php on line 6
[27-Apr-2025 09:19:41 UTC] PHP Parse error:  syntax error, unexpected variable "$count" in C:\Users\Maliha\Local Sites\fictional-university\app\public\wp-content\themes\Fictional-University-theme\index.php on line 6
[27-Apr-2025 09:20:08 UTC] PHP Parse error:  syntax error, unexpected variable "$count" in C:\Users\Maliha\Local Sites\fictional-university\app\public\wp-content\themes\Fictional-University-theme\index.php on line 6
[27-Apr-2025 09:20:10 UTC] PHP Parse error:  syntax error, unexpected variable "$count" in C:\Users\Maliha\Local Sites\fictional-university\app\public\wp-content\themes\Fictional-University-theme\index.php on line 6
[27-Apr-2025 09:20:10 UTC] PHP Parse error:  syntax error, unexpected variable "$count" in C:\Users\Maliha\Local Sites\fictional-university\app\public\wp-content\themes\Fictional-University-theme\index.php on line 6
[27-Apr-2025 09:20:30 UTC] PHP Parse error:  syntax error, unexpected variable "$count" in C:\Users\Maliha\Local Sites\fictional-university\app\public\wp-content\themes\Fictional-University-theme\index.php on line 6
[27-Apr-2025 09:20:31 UTC] PHP Parse error:  syntax error, unexpected variable "$count" in C:\Users\Maliha\Local Sites\fictional-university\app\public\wp-content\themes\Fictional-University-theme\index.php on line 6
[27-Apr-2025 09:21:04 UTC] PHP Parse error:  syntax error, unexpected variable "$count" in C:\Users\Maliha\Local Sites\fictional-university\app\public\wp-content\themes\Fictional-University-theme\index.php on line 6
[27-Apr-2025 09:21:05 UTC] PHP Parse error:  syntax error, unexpected variable "$count" in C:\Users\Maliha\Local Sites\fictional-university\app\public\wp-content\themes\Fictional-University-theme\index.php on line 6
[27-Apr-2025 09:22:13 UTC] PHP Parse error:  syntax error, unexpected variable "$count" in C:\Users\Maliha\Local Sites\fictional-university\app\public\wp-content\themes\Fictional-University-theme\index.php on line 5
[27-Apr-2025 09:22:14 UTC] PHP Parse error:  syntax error, unexpected variable "$count" in C:\Users\Maliha\Local Sites\fictional-university\app\public\wp-content\themes\Fictional-University-theme\index.php on line 5
[27-Apr-2025 09:22:14 UTC] PHP Parse error:  syntax error, unexpected variable "$count" in C:\Users\Maliha\Local Sites\fictional-university\app\public\wp-content\themes\Fictional-University-theme\index.php on line 5
[27-Apr-2025 09:22:34 UTC] PHP Parse error:  syntax error, unexpected variable "$count" in C:\Users\Maliha\Local Sites\fictional-university\app\public\wp-content\themes\Fictional-University-theme\index.php on line 5
[27-Apr-2025 09:22:35 UTC] PHP Parse error:  syntax error, unexpected variable "$count" in C:\Users\Maliha\Local Sites\fictional-university\app\public\wp-content\themes\Fictional-University-theme\index.php on line 5
[27-Apr-2025 09:22:49 UTC] PHP Parse error:  syntax error, unexpected variable "$count" in C:\Users\Maliha\Local Sites\fictional-university\app\public\wp-content\themes\Fictional-University-theme\index.php on line 5
[27-Apr-2025 09:22:50 UTC] PHP Parse error:  syntax error, unexpected variable "$count" in C:\Users\Maliha\Local Sites\fictional-university\app\public\wp-content\themes\Fictional-University-theme\index.php on line 5
[27-Apr-2025 09:30:07 UTC] PHP Fatal error:  Uncaught Error: Call to undefined function cpunt() in C:\Users\Maliha\Local Sites\fictional-university\app\public\wp-content\themes\Fictional-University-theme\index.php:7
Stack trace:
#0 C:\Users\Maliha\Local Sites\fictional-university\app\public\wp-includes\template-loader.php(106): include()
#1 C:\Users\Maliha\Local Sites\fictional-university\app\public\wp-blog-header.php(19): require_once('C:\\Users\\Maliha...')
#2 C:\Users\Maliha\Local Sites\fictional-university\app\public\index.php(17): require('C:\\Users\\Maliha...')
#3 {main}
  thrown in C:\Users\Maliha\Local Sites\fictional-university\app\public\wp-content\themes\Fictional-University-theme\index.php on line 7
[27-Apr-2025 09:55:11 UTC] PHP Parse error:  Unmatched '}' in C:\Users\Maliha\Local Sites\fictional-university\app\public\wp-content\themes\Fictional-University-theme\index.php on line 8
[27-Apr-2025 09:55:13 UTC] PHP Parse error:  Unmatched '}' in C:\Users\Maliha\Local Sites\fictional-university\app\public\wp-content\themes\Fictional-University-theme\index.php on line 8
[27-Apr-2025 09:55:14 UTC] PHP Parse error:  Unmatched '}' in C:\Users\Maliha\Local Sites\fictional-university\app\public\wp-content\themes\Fictional-University-theme\index.php on line 8
[27-Apr-2025 11:01:44 UTC] PHP Fatal error:  Uncaught Error: Call to undefined function get_haeder() in C:\Users\Maliha\Local Sites\fictional-university\app\public\wp-content\themes\Fictional-University-theme\index.php:1
Stack trace:
#0 C:\Users\Maliha\Local Sites\fictional-university\app\public\wp-includes\template-loader.php(106): include()
#1 C:\Users\Maliha\Local Sites\fictional-university\app\public\wp-blog-header.php(19): require_once('C:\\Users\\Maliha...')
#2 C:\Users\Maliha\Local Sites\fictional-university\app\public\index.php(17): require('C:\\Users\\Maliha...')
#3 {main}
  thrown in C:\Users\Maliha\Local Sites\fictional-university\app\public\wp-content\themes\Fictional-University-theme\index.php on line 1
[27-Apr-2025 11:01:45 UTC] PHP Fatal error:  Uncaught Error: Call to undefined function get_haeder() in C:\Users\Maliha\Local Sites\fictional-university\app\public\wp-content\themes\Fictional-University-theme\index.php:1
Stack trace:
#0 C:\Users\Maliha\Local Sites\fictional-university\app\public\wp-includes\template-loader.php(106): include()
#1 C:\Users\Maliha\Local Sites\fictional-university\app\public\wp-blog-header.php(19): require_once('C:\\Users\\Maliha...')
#2 C:\Users\Maliha\Local Sites\fictional-university\app\public\index.php(17): require('C:\\Users\\Maliha...')
#3 {main}
  thrown in C:\Users\Maliha\Local Sites\fictional-university\app\public\wp-content\themes\Fictional-University-theme\index.php on line 1
[27-Apr-2025 11:02:10 UTC] PHP Fatal error:  Uncaught Error: Call to undefined function get_haeder() in C:\Users\Maliha\Local Sites\fictional-university\app\public\wp-content\themes\Fictional-University-theme\index.php:1
Stack trace:
#0 C:\Users\Maliha\Local Sites\fictional-university\app\public\wp-includes\template-loader.php(106): include()
#1 C:\Users\Maliha\Local Sites\fictional-university\app\public\wp-blog-header.php(19): require_once('C:\\Users\\Maliha...')
#2 C:\Users\Maliha\Local Sites\fictional-university\app\public\index.php(17): require('C:\\Users\\Maliha...')
#3 {main}
  thrown in C:\Users\Maliha\Local Sites\fictional-university\app\public\wp-content\themes\Fictional-University-theme\index.php on line 1
[27-Apr-2025 11:05:21 UTC] PHP Fatal error:  Uncaught Error: Call to undefined function get_haeder() in C:\Users\Maliha\Local Sites\fictional-university\app\public\wp-content\themes\Fictional-University-theme\index.php:1
Stack trace:
#0 C:\Users\Maliha\Local Sites\fictional-university\app\public\wp-includes\template-loader.php(106): include()
#1 C:\Users\Maliha\Local Sites\fictional-university\app\public\wp-blog-header.php(19): require_once('C:\\Users\\Maliha...')
#2 C:\Users\Maliha\Local Sites\fictional-university\app\public\index.php(17): require('C:\\Users\\Maliha...')
#3 {main}
  thrown in C:\Users\Maliha\Local Sites\fictional-university\app\public\wp-content\themes\Fictional-University-theme\index.php on line 1
[27-Apr-2025 12:25:56 UTC] PHP Parse error:  syntax error, unexpected token "}" in C:\Users\Maliha\Local Sites\fictional-university\app\public\wp-content\themes\Fictional-University-theme\functions.php on line 4
[27-Apr-2025 12:25:56 UTC] PHP Parse error:  syntax error, unexpected token "}" in C:\Users\Maliha\Local Sites\fictional-university\app\public\wp-content\themes\Fictional-University-theme\functions.php on line 4
[27-Apr-2025 12:26:50 UTC] PHP Parse error:  syntax error, unexpected token "}" in C:\Users\Maliha\Local Sites\fictional-university\app\public\wp-content\themes\Fictional-University-theme\functions.php on line 4
[27-Apr-2025 12:26:50 UTC] PHP Parse error:  syntax error, unexpected token "}" in C:\Users\Maliha\Local Sites\fictional-university\app\public\wp-content\themes\Fictional-University-theme\functions.php on line 4
[27-Apr-2025 12:27:54 UTC] PHP Parse error:  syntax error, unexpected token "}" in C:\Users\Maliha\Local Sites\fictional-university\app\public\wp-content\themes\Fictional-University-theme\functions.php on line 5
[27-Apr-2025 12:27:54 UTC] PHP Parse error:  syntax error, unexpected token "}" in C:\Users\Maliha\Local Sites\fictional-university\app\public\wp-content\themes\Fictional-University-theme\functions.php on line 5
[28-Apr-2025 05:59:44 UTC] PHP Parse error:  Unclosed '{' on line 3 does not match ')' in C:\Users\Maliha\Local Sites\fictional-university\app\public\wp-content\themes\Fictional-University-theme\functions.php on line 4
[28-Apr-2025 05:59:44 UTC] PHP Parse error:  Unclosed '{' on line 3 does not match ')' in C:\Users\Maliha\Local Sites\fictional-university\app\public\wp-content\themes\Fictional-University-theme\functions.php on line 4
[28-Apr-2025 06:18:53 UTC] PHP Parse error:  Unmatched ')' in C:\Users\Maliha\Local Sites\fictional-university\app\public\wp-content\themes\Fictional-University-theme\index.php on line 3
[28-Apr-2025 06:21:04 UTC] PHP Fatal error:  Uncaught Error: Call to undefined function get_them_file_uri() in C:\Users\Maliha\Local Sites\fictional-university\app\public\wp-content\themes\Fictional-University-theme\index.php:3
Stack trace:
#0 C:\Users\Maliha\Local Sites\fictional-university\app\public\wp-includes\template-loader.php(106): include()
#1 C:\Users\Maliha\Local Sites\fictional-university\app\public\wp-blog-header.php(19): require_once('C:\\Users\\Maliha...')
#2 C:\Users\Maliha\Local Sites\fictional-university\app\public\index.php(17): require('C:\\Users\\Maliha...')
#3 {main}
  thrown in C:\Users\Maliha\Local Sites\fictional-university\app\public\wp-content\themes\Fictional-University-theme\index.php on line 3
[28-Apr-2025 06:21:14 UTC] PHP Fatal error:  Uncaught Error: Call to undefined function get_them_file_uri() in C:\Users\Maliha\Local Sites\fictional-university\app\public\wp-content\themes\Fictional-University-theme\index.php:3
Stack trace:
#0 C:\Users\Maliha\Local Sites\fictional-university\app\public\wp-includes\template-loader.php(106): include()
#1 C:\Users\Maliha\Local Sites\fictional-university\app\public\wp-blog-header.php(19): require_once('C:\\Users\\Maliha...')
#2 C:\Users\Maliha\Local Sites\fictional-university\app\public\index.php(17): require('C:\\Users\\Maliha...')
#3 {main}
  thrown in C:\Users\Maliha\Local Sites\fictional-university\app\public\wp-content\themes\Fictional-University-theme\index.php on line 3
[28-Apr-2025 06:21:39 UTC] PHP Fatal error:  Uncaught Error: Call to undefined function get_them_file_uri() in C:\Users\Maliha\Local Sites\fictional-university\app\public\wp-content\themes\Fictional-University-theme\index.php:3
Stack trace:
#0 C:\Users\Maliha\Local Sites\fictional-university\app\public\wp-includes\template-loader.php(106): include()
#1 C:\Users\Maliha\Local Sites\fictional-university\app\public\wp-blog-header.php(19): require_once('C:\\Users\\Maliha...')
#2 C:\Users\Maliha\Local Sites\fictional-university\app\public\index.php(17): require('C:\\Users\\Maliha...')
#3 {main}
  thrown in C:\Users\Maliha\Local Sites\fictional-university\app\public\wp-content\themes\Fictional-University-theme\index.php on line 3
[28-Apr-2025 06:21:51 UTC] PHP Fatal error:  Uncaught Error: Call to undefined function get_them_file_uri() in C:\Users\Maliha\Local Sites\fictional-university\app\public\wp-content\themes\Fictional-University-theme\index.php:3
Stack trace:
#0 C:\Users\Maliha\Local Sites\fictional-university\app\public\wp-includes\template-loader.php(106): include()
#1 C:\Users\Maliha\Local Sites\fictional-university\app\public\wp-blog-header.php(19): require_once('C:\\Users\\Maliha...')
#2 C:\Users\Maliha\Local Sites\fictional-university\app\public\index.php(17): require('C:\\Users\\Maliha...')
#3 {main}
  thrown in C:\Users\Maliha\Local Sites\fictional-university\app\public\wp-content\themes\Fictional-University-theme\index.php on line 3
[28-Apr-2025 06:22:04 UTC] PHP Fatal error:  Uncaught Error: Call to undefined function get_them_file_uri() in C:\Users\Maliha\Local Sites\fictional-university\app\public\wp-content\themes\Fictional-University-theme\index.php:3
Stack trace:
#0 C:\Users\Maliha\Local Sites\fictional-university\app\public\wp-includes\template-loader.php(106): include()
#1 C:\Users\Maliha\Local Sites\fictional-university\app\public\wp-blog-header.php(19): require_once('C:\\Users\\Maliha...')
#2 C:\Users\Maliha\Local Sites\fictional-university\app\public\index.php(17): require('C:\\Users\\Maliha...')
#3 {main}
  thrown in C:\Users\Maliha\Local Sites\fictional-university\app\public\wp-content\themes\Fictional-University-theme\index.php on line 3
[28-Apr-2025 06:22:05 UTC] PHP Fatal error:  Uncaught Error: Call to undefined function get_them_file_uri() in C:\Users\Maliha\Local Sites\fictional-university\app\public\wp-content\themes\Fictional-University-theme\index.php:3
Stack trace:
#0 C:\Users\Maliha\Local Sites\fictional-university\app\public\wp-includes\template-loader.php(106): include()
#1 C:\Users\Maliha\Local Sites\fictional-university\app\public\wp-blog-header.php(19): require_once('C:\\Users\\Maliha...')
#2 C:\Users\Maliha\Local Sites\fictional-university\app\public\index.php(17): require('C:\\Users\\Maliha...')
#3 {main}
  thrown in C:\Users\Maliha\Local Sites\fictional-university\app\public\wp-content\themes\Fictional-University-theme\index.php on line 3
[28-Apr-2025 06:28:01 UTC] PHP Parse error:  syntax error, unexpected token "?" in C:\Users\Maliha\Local Sites\fictional-university\app\public\wp-content\themes\Fictional-University-theme\index.php on line 74
[28-Apr-2025 06:28:13 UTC] PHP Parse error:  syntax error, unexpected token "?" in C:\Users\Maliha\Local Sites\fictional-university\app\public\wp-content\themes\Fictional-University-theme\index.php on line 74
[28-Apr-2025 06:29:59 UTC] PHP Parse error:  syntax error, unexpected token "?" in C:\Users\Maliha\Local Sites\fictional-university\app\public\wp-content\themes\Fictional-University-theme\index.php on line 74
[28-Apr-2025 06:30:01 UTC] PHP Parse error:  syntax error, unexpected token "?" in C:\Users\Maliha\Local Sites\fictional-university\app\public\wp-content\themes\Fictional-University-theme\index.php on line 74
[28-Apr-2025 06:30:12 UTC] PHP Parse error:  syntax error, unexpected token "?" in C:\Users\Maliha\Local Sites\fictional-university\app\public\wp-content\themes\Fictional-University-theme\index.php on line 74
[28-Apr-2025 06:30:35 UTC] PHP Parse error:  syntax error, unexpected token "?" in C:\Users\Maliha\Local Sites\fictional-university\app\public\wp-content\themes\Fictional-University-theme\index.php on line 74
[28-Apr-2025 06:30:36 UTC] PHP Parse error:  syntax error, unexpected token "?" in C:\Users\Maliha\Local Sites\fictional-university\app\public\wp-content\themes\Fictional-University-theme\index.php on line 74
[28-Apr-2025 06:34:44 UTC] PHP Parse error:  Unmatched ')' in C:\Users\Maliha\Local Sites\fictional-university\app\public\wp-content\themes\Fictional-University-theme\index.php on line 83
